  Etapa 5.cpp
C:\Users\Joan\OneDrive - Universitat de les Illes Balears\3r curs\Informàtica Gràfica\Práctica Final\PracticasIG\Etapa 5\Etapa 5.cpp(148,26): warning C4305: 'argumento': truncamiento de 'double' a 'GLfloat'
C:\Users\Joan\OneDrive - Universitat de les Illes Balears\3r curs\Informàtica Gràfica\Práctica Final\PracticasIG\Etapa 5\Etapa 5.cpp(155,26): warning C4305: 'argumento': truncamiento de 'double' a 'GLfloat'
C:\Users\Joan\OneDrive - Universitat de les Illes Balears\3r curs\Informàtica Gràfica\Práctica Final\PracticasIG\Etapa 5\Etapa 5.cpp(163,26): warning C4305: 'argumento': truncamiento de 'double' a 'GLfloat'
C:\Users\Joan\OneDrive - Universitat de les Illes Balears\3r curs\Informàtica Gràfica\Práctica Final\PracticasIG\Etapa 5\Etapa 5.cpp(193,135): warning C4244: 'argumento': conversión de 'double' a 'GLfloat'; posible pérdida de datos
C:\Users\Joan\OneDrive - Universitat de les Illes Balears\3r curs\Informàtica Gràfica\Práctica Final\PracticasIG\Etapa 5\Etapa 5.cpp(193,54): warning C4244: 'argumento': conversión de 'double' a 'GLfloat'; posible pérdida de datos
C:\Users\Joan\OneDrive - Universitat de les Illes Balears\3r curs\Informàtica Gràfica\Práctica Final\PracticasIG\Etapa 5\Etapa 5.cpp(210,32): warning C4838: la conversión de 'double' en 'float' requiere una conversión de restricción
C:\Users\Joan\OneDrive - Universitat de les Illes Balears\3r curs\Informàtica Gràfica\Práctica Final\PracticasIG\Etapa 5\Etapa 5.cpp(210,32): warning C4244: 'inicializando': conversión de 'double' a 'float'; posible pérdida de datos
C:\Users\Joan\OneDrive - Universitat de les Illes Balears\3r curs\Informàtica Gràfica\Práctica Final\PracticasIG\Etapa 5\Etapa 5.cpp(210,65): warning C4838: la conversión de 'double' en 'float' requiere una conversión de restricción
C:\Users\Joan\OneDrive - Universitat de les Illes Balears\3r curs\Informàtica Gràfica\Práctica Final\PracticasIG\Etapa 5\Etapa 5.cpp(210,65): warning C4244: 'inicializando': conversión de 'double' a 'float'; posible pérdida de datos
C:\Users\Joan\OneDrive - Universitat de les Illes Balears\3r curs\Informàtica Gràfica\Práctica Final\PracticasIG\Etapa 5\Etapa 5.cpp(225,83): warning C4244: 'argumento': conversión de 'double' a 'GLfloat'; posible pérdida de datos
C:\Users\Joan\OneDrive - Universitat de les Illes Balears\3r curs\Informàtica Gràfica\Práctica Final\PracticasIG\Etapa 5\Etapa 5.cpp(225,43): warning C4244: 'argumento': conversión de 'double' a 'GLfloat'; posible pérdida de datos
C:\Users\Joan\OneDrive - Universitat de les Illes Balears\3r curs\Informàtica Gràfica\Práctica Final\PracticasIG\Etapa 5\Etapa 5.cpp(312,30): warning C4305: 'argumento': truncamiento de 'double' a 'GLfloat'
C:\Users\Joan\OneDrive - Universitat de les Illes Balears\3r curs\Informàtica Gràfica\Práctica Final\PracticasIG\Etapa 5\Etapa 5.cpp(316,25): warning C4305: 'argumento': truncamiento de 'double' a 'GLfloat'
C:\Users\Joan\OneDrive - Universitat de les Illes Balears\3r curs\Informàtica Gràfica\Práctica Final\PracticasIG\Etapa 5\Etapa 5.cpp(358,11): warning C4244: '=': conversión de 'double' a 'float'; posible pérdida de datos
C:\Users\Joan\OneDrive - Universitat de les Illes Balears\3r curs\Informàtica Gràfica\Práctica Final\PracticasIG\Etapa 5\Etapa 5.cpp(359,8): warning C4244: '=': conversión de 'double' a 'float'; posible pérdida de datos
C:\Users\Joan\OneDrive - Universitat de les Illes Balears\3r curs\Informàtica Gràfica\Práctica Final\PracticasIG\Etapa 5\Etapa 5.cpp(364,11): warning C4244: '=': conversión de 'double' a 'float'; posible pérdida de datos
C:\Users\Joan\OneDrive - Universitat de les Illes Balears\3r curs\Informàtica Gràfica\Práctica Final\PracticasIG\Etapa 5\Etapa 5.cpp(365,8): warning C4244: '=': conversión de 'double' a 'float'; posible pérdida de datos
C:\Users\Joan\OneDrive - Universitat de les Illes Balears\3r curs\Informàtica Gràfica\Práctica Final\PracticasIG\Etapa 5\Etapa 5.cpp(371,12): warning C4244: '=': conversión de 'double' a 'float'; posible pérdida de datos
C:\Users\Joan\OneDrive - Universitat de les Illes Balears\3r curs\Informàtica Gràfica\Práctica Final\PracticasIG\Etapa 5\Etapa 5.cpp(378,12): warning C4244: '=': conversión de 'double' a 'float'; posible pérdida de datos
  Etapa 5.vcxproj -> C:\Users\Joan\OneDrive - Universitat de les Illes Balears\3r curs\Informàtica Gràfica\Práctica Final\PracticasIG\x64\Debug\Etapa 5.exe
